2026-01-04 17:14:09.256 [main] INFO  pages.HomePage - Searching Product
2026-01-04 17:14:13.897 [main] INFO  pages.HomePage - Product result page open 
2026-01-04 17:14:14.237 [main] INFO  utilities.ListenerClass - TEST PASSED : TC03_SerachProduct
2026-01-04 17:14:14.488 [main] INFO  pages.ProductResultPage - Selecting brand: hp
2026-01-04 17:14:14.958 [main] INFO  pages.ProductResultPage - Brand selected successfully: hp
2026-01-04 17:14:15.206 [main] INFO  utilities.ListenerClass - TEST PASSED : TC01_ChoseHpLaptop
2026-01-04 17:14:15.475 [main] INFO  pages.ProductResultPage - All products are HP brand
2026-01-04 17:14:16.752 [main] INFO  utilities.ListenerClass - TEST PASSED : TC02_CheckAllProductIsHp
2026-01-04 17:24:18.758 [main] INFO  pages.HomePage - Searching Product
2026-01-04 17:24:23.619 [main] INFO  pages.HomePage - Product result page open 
2026-01-04 17:24:23.971 [main] INFO  utilities.ListenerClass - TEST PASSED : TC03_SerachProduct
2026-01-04 17:24:25.915 [main] INFO  pages.ProductResultPage - Selecting brand: hp
2026-01-04 17:24:26.003 [main] WARN  pages.ProductResultPage - Brand not found: hp
2026-01-04 17:24:26.220 [main] INFO  utilities.ListenerClass - TEST PASSED : TC01_ChoseHpLaptop
2026-01-04 17:24:26.322 [main] INFO  pages.ProductResultPage - All products are HP brand
2026-01-04 17:24:26.817 [main] INFO  utilities.ListenerClass - TEST PASSED : TC02_CheckAllProductIsHp
2026-01-04 17:24:33.415 [main] ERROR utilities.ListenerClass - TEST FAILED : TC03_Addproducts
2026-01-04 17:25:57.702 [main] INFO  pages.HomePage - Searching Product
2026-01-04 17:26:02.246 [main] INFO  pages.HomePage - Product result page open 
2026-01-04 17:26:02.672 [main] INFO  utilities.ListenerClass - TEST PASSED : TC03_SerachProduct
2026-01-04 17:26:04.378 [main] INFO  pages.ProductResultPage - Selecting brand: hp
2026-01-04 17:26:04.457 [main] WARN  pages.ProductResultPage - Brand not found: hp
2026-01-04 17:26:04.629 [main] INFO  utilities.ListenerClass - TEST PASSED : TC01_ChoseHpLaptop
2026-01-04 17:26:04.674 [main] INFO  pages.ProductResultPage - All products are HP brand
2026-01-04 17:26:04.871 [main] INFO  utilities.ListenerClass - TEST PASSED : TC02_CheckAllProductIsHp
2026-01-04 17:26:05.198 [main] INFO  utilities.ListenerClass - TEST PASSED : TC03_Addproducts
2026-01-04 17:30:37.090 [main] INFO  pages.HomePage - Searching Product
2026-01-04 17:30:42.318 [main] INFO  pages.HomePage - Product result page open 
2026-01-04 17:30:42.872 [main] INFO  utilities.ListenerClass - TEST PASSED : TC03_SerachProduct
2026-01-04 17:30:44.746 [main] INFO  pages.ProductResultPage - Selecting brand: hp
2026-01-04 17:30:44.846 [main] WARN  pages.ProductResultPage - Brand not found: hp
2026-01-04 17:30:45.035 [main] INFO  utilities.ListenerClass - TEST PASSED : TC01_ChoseHpLaptop
2026-01-04 17:30:45.119 [main] INFO  pages.ProductResultPage - All products are HP brand
2026-01-04 17:30:45.326 [main] INFO  utilities.ListenerClass - TEST PASSED : TC02_CheckAllProductIsHp
2026-01-04 17:30:45.615 [main] INFO  pages.ProductResultPage - Adding product 1
2026-01-04 17:30:46.267 [main] INFO  pages.ProductResultPage - Adding product 2
2026-01-04 17:30:46.525 [main] INFO  pages.ProductResultPage - Adding product 3
2026-01-04 17:30:47.092 [main] INFO  utilities.ListenerClass - TEST PASSED : TC03_Addproducts
